\BOOKMARK [0][-]{chapter.1}{Design}{}% 1
\BOOKMARK [1][-]{section.1.1}{ Existing social networks for making acquaintances}{chapter.1}% 2
\BOOKMARK [2][-]{subsection.1.1.1}{ PlentyofFish}{section.1.1}% 3
\BOOKMARK [2][-]{subsection.1.1.2}{ Match.com}{section.1.1}% 4
\BOOKMARK [2][-]{subsection.1.1.3}{ OkCupid}{section.1.1}% 5
\BOOKMARK [2][-]{subsection.1.1.4}{ eHarmony}{section.1.1}% 6
\BOOKMARK [1][-]{section.1.2}{ User data protection}{chapter.1}% 7
\BOOKMARK [1][-]{section.1.3}{ The idea}{chapter.1}% 8
\BOOKMARK [0][-]{chapter.2}{Implementation}{}% 9
\BOOKMARK [1][-]{section.2.1}{ Technologies}{chapter.2}% 10
\BOOKMARK [2][-]{subsection.2.1.1}{ General suitability for the project}{section.2.1}% 11
\BOOKMARK [2][-]{subsection.2.1.2}{ Performance, scalability and stability}{section.2.1}% 12
\BOOKMARK [2][-]{subsection.2.1.3}{ Ease of development and developer community size}{section.2.1}% 13
\BOOKMARK [2][-]{subsection.2.1.4}{ Codebase stability}{section.2.1}% 14
\BOOKMARK [2][-]{subsection.2.1.5}{ Innovation factor}{section.2.1}% 15
\BOOKMARK [2][-]{subsection.2.1.6}{ The overall winner: Node.js}{section.2.1}% 16
\BOOKMARK [2][-]{subsection.2.1.7}{ Data store}{section.2.1}% 17
\BOOKMARK [2][-]{subsection.2.1.8}{ Modules and libraries used}{section.2.1}% 18
\BOOKMARK [1][-]{section.2.2}{ Data model}{chapter.2}% 19
\BOOKMARK [2][-]{subsection.2.2.1}{ Redis work-flow}{section.2.2}% 20
\BOOKMARK [1][-]{section.2.3}{ Basic functionality}{chapter.2}% 21
\BOOKMARK [2][-]{subsection.2.3.1}{ User registration}{section.2.3}% 22
\BOOKMARK [2][-]{subsection.2.3.2}{ Photo upload and manipulation}{section.2.3}% 23
\BOOKMARK [2][-]{subsection.2.3.3}{ Acquaintance selection}{section.2.3}% 24
\BOOKMARK [2][-]{subsection.2.3.4}{ Notifications}{section.2.3}% 25
\BOOKMARK [2][-]{subsection.2.3.5}{ Chat}{section.2.3}% 26
\BOOKMARK [1][-]{section.2.4}{ Implementation in detail}{chapter.2}% 27
\BOOKMARK [2][-]{subsection.2.4.1}{ E-mail sending}{section.2.4}% 28
\BOOKMARK [2][-]{subsection.2.4.2}{ Security}{section.2.4}% 29
\BOOKMARK [2][-]{subsection.2.4.3}{ Internationalization}{section.2.4}% 30
\BOOKMARK [2][-]{subsection.2.4.4}{ Geolocation}{section.2.4}% 31
\BOOKMARK [2][-]{subsection.2.4.5}{ Performance tuning}{section.2.4}% 32
\BOOKMARK [2][-]{subsection.2.4.6}{ Graphical design and user experience}{section.2.4}% 33
\BOOKMARK [0][-]{chapter.3}{Conclusion}{}% 34
\BOOKMARK [0][-]{appendix.A}{Structure of the storage}{}% 35
