This is TeX, Version 3.1415926 (TeX Live 2012/dev/Arch Linux) (format=tex 2012.2.15)  25 MAR 2012 13:06
**fithesis.ins
(./fithesis.ins (/usr/share/texmf-dist/tex/latex/base/docstrip.tex
\blockLevel=\count26
\emptyLines=\count27
\processedLines=\count28
\commentsRemoved=\count29
\commentsPassed=\count30
\codeLinesPassed=\count31
\TotalprocessedLines=\count32
\TotalcommentsRemoved=\count33
\TotalcommentsPassed=\count34
\TotalcodeLinesPassed=\count35
\NumberOfFiles=\count36
\inFile=\read0
\inputcheck=\read1
\@tempcnta=\count37
\off@0=\count38
\off@1=\count39
\off@2=\count40
\off@3=\count41
\off@4=\count42
\off@5=\count43
\off@6=\count44
\off@7=\count45
\off@8=\count46
\off@9=\count47
\off@10=\count48
\off@11=\count49
\off@12=\count50
\off@13=\count51
\off@14=\count52
\off@15=\count53
\@temptokena=\toks12
\@maxfiles=\count54
\@maxoutfiles=\count55

Utility: `docstrip' 2.5d <2005/07/29>
English documentation    <1999/03/31>

**********************************************************
* This program converts documented macro-files into fast *
* loadable files by stripping off (nearly) all comments! *
**********************************************************

********************************************************
* No Configuration file found, using default settings. *
********************************************************

(./fithesis.ins
*** Generating the files ***

Generating file(s) fithesis.cls 
\openout0 = `fithesis.cls'.


Processing file fithesis.dtx (class) -> fithesis.cls
Lines  processed: 1251
Comments removed: 366
Comments  passed: 0
Codelines passed: 855


Generating file(s) fit10.clo 
\openout0 = `fit10.clo'.


Processing file fithesis.dtx (opt,10pt) -> fit10.clo
Lines  processed: 1251
Comments removed: 366
Comments  passed: 0
Codelines passed: 855


Generating file(s) fit11.clo 
\openout0 = `fit11.clo'.


Processing file fithesis.dtx (opt,11pt) -> fit11.clo
Lines  processed: 1251
Comments removed: 366
Comments  passed: 0
Codelines passed: 855


Generating file(s) fit12.clo 
\openout0 = `fit12.clo'.


Processing file fithesis.dtx (opt,12pt) -> fit12.clo
Lines  processed: 1251
Comments removed: 366
Comments  passed: 0
Codelines passed: 855

***********************************************************
*
* To finish the installation you have to move the following
* files into a directory searched by TeX:
*
*   fithesis.cls
*   fit10.clo
*   fit11.clo
*   fit12.clo
*
* To produce the documentation run the files ending with
* `.dtx' through LaTeX.
*
* Happy TeXing
***********************************************************
)
Overall statistics:
Files  processed: 4
Lines  processed: 5004
Comments removed: 1464
Comments  passed: 0
Codelines passed: 3420
 ) )
No pages of output.
